0 info it worked if it ends with ok
1 verbose cli [ '/usr/bin/nodejs', '/usr/bin/npm', 'run', 'test' ]
2 info using npm@4.1.2
3 info using node@v7.6.0
4 verbose run-script [ 'pretest', 'test', 'posttest' ]
5 info lifecycle m.io@0.0.1~pretest: m.io@0.0.1
6 silly lifecycle m.io@0.0.1~pretest: no script for pretest, continuing
7 info lifecycle m.io@0.0.1~test: m.io@0.0.1
8 verbose lifecycle m.io@0.0.1~test: unsafe-perm in lifecycle true
9 verbose lifecycle m.io@0.0.1~test: PATH: /usr/lib/node_modules/npm/bin/node-gyp-bin:/home/p/m.io/node_modules/.bin:/home/p/bin:/home/p/.local/bin:/usr/local/sbin:/usr/local/bin:/usr/sbin:/usr/bin:/sbin:/bin:/usr/games:/usr/local/games:/opt/devkitpro/devkitARM/bin
10 verbose lifecycle m.io@0.0.1~test: CWD: /home/p/m.io
11 silly lifecycle m.io@0.0.1~test: Args: [ '-c', 'node tests/test.js' ]
12 silly lifecycle m.io@0.0.1~test: Returned: code: 1  signal: null
13 info lifecycle m.io@0.0.1~test: Failed to exec test script
14 verbose stack Error: m.io@0.0.1 test: `node tests/test.js`
14 verbose stack Exit status 1
14 verbose stack     at EventEmitter.<anonymous> (/usr/lib/node_modules/npm/lib/utils/lifecycle.js:279:16)
14 verbose stack     at emitTwo (events.js:106:13)
14 verbose stack     at EventEmitter.emit (events.js:192:7)
14 verbose stack     at ChildProcess.<anonymous> (/usr/lib/node_modules/npm/lib/utils/spawn.js:40:14)
14 verbose stack     at emitTwo (events.js:106:13)
14 verbose stack     at ChildProcess.emit (events.js:192:7)
14 verbose stack     at maybeClose (internal/child_process.js:890:16)
14 verbose stack     at Process.ChildProcess._handle.onexit (internal/child_process.js:226:5)
15 verbose pkgid m.io@0.0.1
16 verbose cwd /home/p/m.io
17 error Linux 4.4.0-53-generic
18 error argv "/usr/bin/nodejs" "/usr/bin/npm" "run" "test"
19 error node v7.6.0
20 error npm  v4.1.2
21 error code ELIFECYCLE
22 error m.io@0.0.1 test: `node tests/test.js`
22 error Exit status 1
23 error Failed at the m.io@0.0.1 test script 'node tests/test.js'.
23 error Make sure you have the latest version of node.js and npm installed.
23 error If you do, this is most likely a problem with the m.io package,
23 error not with npm itself.
23 error Tell the author that this fails on your system:
23 error     node tests/test.js
23 error You can get information on how to open an issue for this project with:
23 error     npm bugs m.io
23 error Or if that isn't available, you can get their info via:
23 error     npm owner ls m.io
23 error There is likely additional logging output above.
24 verbose exit [ 1, true ]
